<?xml version="1.0" encoding="UTF-8" ?>
<testsuite tests="5" failures="0" name="spring005_board.Test1_Board" time="1.758" errors="0" skipped="4">
  <properties>
[...]
</properties>
  <testcase classname="spring005_board.Test1_Board" name="test1" time="0.235">
    <skipped/>
    <system-err>11�� 21, 2025 11:51:37 ���� org.springframework.test.context.support.DefaultTestContextBootstrapper getDefaultTestExecutionListenerClassNames
INFO: Loaded default TestExecutionListener class names from location [META-INF/spring.factories]: [org.springframework.test.context.web.ServletTestExecutionListener, org.springframework.test.context.support.DirtiesContextBeforeModesTestExecutionListener, org.springframework.test.context.support.DependencyInjectionTestExecutionListener, org.springframework.test.context.support.DirtiesContextTestExecutionListener, org.springframework.test.context.transaction.TransactionalTestExecutionListener, org.springframework.test.context.jdbc.SqlScriptsTestExecutionListener]
11�� 21, 2025 11:51:37 ���� org.springframework.test.context.support.DefaultTestContextBootstrapper getTestExecutionListeners
INFO: Using TestExecutionListeners: [org.springframework.test.context.support.DirtiesContextBeforeModesTestExecutionListener@38d8f54a, org.springframework.test.context.support.DependencyInjectionTestExecutionListener@49e53c76, org.springframework.test.context.support.DirtiesContextTestExecutionListener@351d00c0, org.springframework.test.context.transaction.TransactionalTestExecutionListener@2a3b5b47, org.springframework.test.context.jdbc.SqlScriptsTestExecutionListener@55b699ef]
</system-err>
  </testcase>
  <testcase classname="spring005_board.Test1_Board" name="test2" time="0.235">
    <skipped/>
  </testcase>
  <testcase classname="spring005_board.Test1_Board" name="test3" time="0.235">
    <skipped/>
  </testcase>
  <testcase classname="spring005_board.Test1_Board" name="test4" time="0.235">
    <skipped/>
  </testcase>
  <testcase classname="spring005_board.Test1_Board" name="test5" time="0.818"/>
</testsuite>